<?xml version="1.0" encoding="UTF-8"?>
<testng-results ignored="0" total="1" passed="1" failed="0" skipped="0">
  <reporter-output>
  </reporter-output>
  <suite started-at="2021-04-07T12:27:31Z" name="Suite" finished-at="2021-04-07T12:27:50Z" duration-ms="18725">
    <groups>
    </groups>
    <test started-at="2021-04-07T12:27:31Z" name="Test" finished-at="2021-04-07T12:27:50Z" duration-ms="18725">
      <class name="com.eliasnogueira.wdm.SendSchedulePayments">
        <test-method is-config="true" signature="webdrivermanagerSetup()[pri:0, instance:com.eliasnogueira.wdm.SendSchedulePayments@13b6aecc]" started-at="2021-04-07T17:57:31Z" name="webdrivermanagerSetup" finished-at="2021-04-07T17:57:49Z" duration-ms="18484" status="PASS">
          <reporter-output>
          </reporter-output>
        </test-method> <!-- webdrivermanagerSetup -->
        <test-method signature="checkDescription()[pri:0, instance:com.eliasnogueira.wdm.SendSchedulePayments@13b6aecc]" started-at="2021-04-07T17:57:49Z" name="checkDescription" finished-at="2021-04-07T17:57:50Z" duration-ms="150" status="PASS">
          <reporter-output>
          </reporter-output>
        </test-method> <!-- checkDescription -->
        <test-method is-config="true" signature="quitBrowser()[pri:0, instance:com.eliasnogueira.wdm.SendSchedulePayments@13b6aecc]" started-at="2021-04-07T17:57:50Z" name="quitBrowser" finished-at="2021-04-07T17:57:50Z" duration-ms="75" status="PASS">
          <reporter-output>
          </reporter-output>
        </test-method> <!-- quitBrowser -->
      </class> <!-- com.eliasnogueira.wdm.SendSchedulePayments -->
    </test> <!-- Test -->
  </suite> <!-- Suite -->
</testng-results>
