<?xml version="1.0" encoding="UTF-8"?>
<testng-results ignored="0" total="2" passed="2" failed="0" skipped="0">
  <reporter-output>
  </reporter-output>
  <suite started-at="2021-03-26T09:54:52Z" name="Suite" finished-at="2021-03-26T09:55:00Z" duration-ms="8032">
    <groups>
    </groups>
    <test started-at="2021-03-26T09:54:52Z" name="Test" finished-at="2021-03-26T09:55:00Z" duration-ms="8032">
      <class name="com.eliasnogueira.wdm.GithubWDMPageTest2">
        <test-method is-config="true" signature="webdrivermanagerSetup()[pri:0, instance:com.eliasnogueira.wdm.GithubWDMPageTest2@158a8276]" started-at="2021-03-26T15:24:52Z" name="webdrivermanagerSetup" finished-at="2021-03-26T15:24:59Z" duration-ms="6412" status="PASS">
          <reporter-output>
          </reporter-output>
        </test-method> <!-- webdrivermanagerSetup -->
        <test-method signature="checkDescription()[pri:0, instance:com.eliasnogueira.wdm.GithubWDMPageTest2@158a8276]" started-at="2021-03-26T15:24:59Z" name="checkDescription" finished-at="2021-03-26T15:24:59Z" duration-ms="73" status="PASS">
          <reporter-output>
          </reporter-output>
        </test-method> <!-- checkDescription -->
        <test-method is-config="true" signature="quitBrowser()[pri:0, instance:com.eliasnogueira.wdm.GithubWDMPageTest2@158a8276]" started-at="2021-03-26T15:24:59Z" name="quitBrowser" finished-at="2021-03-26T15:24:59Z" duration-ms="118" status="PASS">
          <reporter-output>
          </reporter-output>
        </test-method> <!-- quitBrowser -->
      </class> <!-- com.eliasnogueira.wdm.GithubWDMPageTest2 -->
      <class name="com.eliasnogueira.wdm.GithubWDMPageTest">
        <test-method is-config="true" signature="webdrivermanagerSetup()[pri:0, instance:com.eliasnogueira.wdm.GithubWDMPageTest@3c3d9b6b]" started-at="2021-03-26T15:24:59Z" name="webdrivermanagerSetup" finished-at="2021-03-26T15:25:00Z" duration-ms="1278" status="PASS">
          <reporter-output>
          </reporter-output>
        </test-method> <!-- webdrivermanagerSetup -->
        <test-method signature="checkDescription()[pri:0, instance:com.eliasnogueira.wdm.GithubWDMPageTest@3c3d9b6b]" started-at="2021-03-26T15:25:00Z" name="checkDescription" finished-at="2021-03-26T15:25:00Z" duration-ms="63" status="PASS">
          <reporter-output>
          </reporter-output>
        </test-method> <!-- checkDescription -->
        <test-method is-config="true" signature="quitBrowser()[pri:0, instance:com.eliasnogueira.wdm.GithubWDMPageTest@3c3d9b6b]" started-at="2021-03-26T15:25:00Z" name="quitBrowser" finished-at="2021-03-26T15:25:00Z" duration-ms="74" status="PASS">
          <reporter-output>
          </reporter-output>
        </test-method> <!-- quitBrowser -->
      </class> <!-- com.eliasnogueira.wdm.GithubWDMPageTest -->
    </test> <!-- Test -->
  </suite> <!-- Suite -->
</testng-results>
